<?xml version="1.0" encoding="UTF-8" standalone="no"?>
<testsuite errors="0" failures="0" name="io.cucumber.core.plugin.JUnitFormatter" skipped="0" tests="1" time="78.004">
    <testcase classname="NHSBSA health treatment check for various combinations for country England" name="NHSBSA treatment help check country England(Combination1)" time="77.235">
        <system-out><![CDATA[Given User launches browser and enters urlengland...........................passed
When user clicks on StartNow buttonengland..................................passed
And user selects country England clicks Next................................passed
And user selects GPPractice yes clicks Next.................................passed
And user selects dental practice country England clicks Next................passed
And user enter valid "06" and "12" and  "1987" in Date of Birth clicks Next.passed
And user enters livein partner Yes and clicks Next..........................passed
And user selects benefits Yes and Clicks Next...............................passed
And user selects universal credit Yes and clicks Next.......................passed
And user selects response and clicks Next...................................passed
And user selects less than 935 pond and clicks Next.........................passed
Then user lands on NHSBSA help Page.........................................passed
]]></system-out>
    </testcase>
</testsuite>
